<?xml version="1.0" encoding="UTF-8"?>
<!-- Generated by org.testng.reporters.JUnitXMLReporter -->
<testsuite ignored="0" hostname="PavithraSubburaj" failures="0" tests="2" name="EdgeTest" time="17.105" errors="0" timestamp="2024-11-20T14:46:07 CST">
  <testcase classname="testcases.TC002_GetStartedPageValidation" name="verify_Getstarted_PageValidation" time="0.138"/>
  <testcase classname="testcases.TC002_GetStartedPageValidation" name="verify_Getstarted_button" time="0.881"/>
</testsuite> <!-- EdgeTest -->
