<?xml version="1.0" encoding="UTF-8"?>
<testsuite xmlns:xsi="http://www.w3.org/2001/XMLSchema-instance" xsi:noNamespaceSchemaLocation="https://maven.apache.org/surefire/maven-surefire-plugin/xsd/surefire-test-report.xsd" version="3.0.2" name="TestSuite" time="156.286" tests="29" errors="0" skipped="3" failures="1">
  <properties>
[...]
</properties>
  <testcase name="verify_Getstarted_PageValidation" classname="testcases.TC002_GetStartedPageValidation" time="0.254">
    <system-err><![CDATA[Nov 20, 2024 11:55:03 AM org.openqa.selenium.devtools.CdpVersionFinder findNearestMatch
WARNING: Unable to find an exact match for CDP version 131, returning the closest version; found: 129; Please update to a Selenium version that supports CDP version 131
Nov 20, 2024 11:55:03 AM org.openqa.selenium.devtools.CdpVersionFinder findNearestMatch
WARNING: Unable to find an exact match for CDP version 131, returning the closest version; found: 129; Please update to a Selenium version that supports CDP version 131
Nov 20, 2024 11:55:03 AM org.openqa.selenium.devtools.CdpVersionFinder findNearestMatch
WARNING: Unable to find an exact match for CDP version 131, returning the closest version; found: 129; Please update to a Selenium version that supports CDP version 131
]]></system-err>
  </testcase>
  <testcase name="verify_Getstarted_button" classname="testcases.TC002_GetStartedPageValidation" time="1.674">
    <system-err><![CDATA[Nov 20, 2024 11:55:12 AM org.openqa.selenium.devtools.CdpVersionFinder findNearestMatch
WARNING: Unable to find an exact match for CDP version 131, returning the closest version; found: 129; Please update to a Selenium version that supports CDP version 131
Nov 20, 2024 11:55:13 AM org.openqa.selenium.devtools.CdpVersionFinder findNearestMatch
WARNING: Unable to find an exact match for CDP version 131, returning the closest version; found: 129; Please update to a Selenium version that supports CDP version 131
Nov 20, 2024 11:55:14 AM org.openqa.selenium.devtools.CdpVersionFinder findNearestMatch
WARNING: Unable to find an exact match for CDP version 131, returning the closest version; found: 129; Please update to a Selenium version that supports CDP version 131
]]></system-err>
  </testcase>
  <testcase name="verify_DataStructure__PageValidation" classname="testcases.TC003_DataStructureIntroPageValidation" time="0.652"/>
  <testcase name="verify_DataStructure_TimeComplexity_Link" classname="testcases.TC003_DataStructureIntroPageValidation" time="1.004"/>
  <testcase name="verify_DataStructure_TimeComplexity_tryherebtn_Link" classname="testcases.TC003_DataStructureIntroPageValidation" time="2.244"/>
  <testcase name="verify_DataStructure_TimeComplexity_pythoncode[print(&apos;Hello, world!&apos;), Hello, world!](1)" classname="testcases.TC003_DataStructureIntroPageValidation" time="3.046">
    <system-out><![CDATA[print('Hello, world!')
Hello, world!
num1 = 1.5
num2 = 6.3
sum = num1 + num2
print('The sum of {0} and {1} is {2}'.format(num1, num2, sum))
The sum of 1.5 and 6.3 is 7.8
Hello

]]></system-out>
    <system-err><![CDATA[Nov 20, 2024 11:55:40 AM org.openqa.selenium.devtools.CdpVersionFinder findNearestMatch
WARNING: Unable to find an exact match for CDP version 131, returning the closest version; found: 129; Please update to a Selenium version that supports CDP version 131
java.lang.NullPointerException: Cannot invoke "pageobjectmodel.DSAlgoStackPom.click_run()" because "this.stakpage_obj" is null
	at testcases.TC003_DataStructureIntroPageValidation.verify_DataStructure_TimeComplexity_pythoncode(TC003_DataStructureIntroPageValidation.java:87)
	at java.base/jdk.internal.reflect.NativeMethodAccessorImpl.invoke0(Native Method)
	at java.base/jdk.internal.reflect.NativeMethodAccessorImpl.invoke(NativeMethodAccessorImpl.java:77)
	at java.base/jdk.internal.reflect.DelegatingMethodAccessorImpl.invoke(DelegatingMethodAccessorImpl.java:43)
	at java.base/java.lang.reflect.Method.invoke(Method.java:568)
	at org.testng.internal.invokers.MethodInvocationHelper.invokeMethod(MethodInvocationHelper.java:141)
	at org.testng.internal.invokers.TestInvoker.invokeMethod(TestInvoker.java:686)
	at org.testng.internal.invokers.TestInvoker.invokeTestMethod(TestInvoker.java:230)
	at org.testng.internal.invokers.MethodRunner.runInSequence(MethodRunner.java:63)
	at org.testng.internal.invokers.TestInvoker$MethodInvocationAgent.invoke(TestInvoker.java:992)
	at org.testng.internal.invokers.TestInvoker.invokeTestMethods(TestInvoker.java:203)
	at org.testng.internal.invokers.TestMethodWorker.invokeTestMethods(TestMethodWorker.java:154)
	at org.testng.internal.invokers.TestMethodWorker.run(TestMethodWorker.java:134)
	at java.base/java.util.concurrent.Executors$RunnableAdapter.call(Executors.java:539)
	at java.base/java.util.concurrent.FutureTask.run(FutureTask.java:264)
	at org.testng.internal.thread.graph.TestNGFutureTask.run(TestNGFutureTask.java:22)
	at java.base/java.util.concurrent.ThreadPoolExecutor.runWorker(ThreadPoolExecutor.java:1136)
	at java.base/java.util.concurrent.ThreadPoolExecutor$Worker.run(ThreadPoolExecutor.java:635)
	at java.base/java.lang.Thread.run(Thread.java:842)
]]></system-err>
  </testcase>
  <testcase name="verify_DataStructure_TimeComplexity_pythoncode[num1 = 1.5&#10;num2 = 6.3&#10;sum = num1 + num2&#10;print(&apos;The sum of {0} and {1} is {2}&apos;.format(num1, num2, sum)), The sum of 1.5 and 6.3 is 7.8](2)" classname="testcases.TC003_DataStructureIntroPageValidation" time="3.67">
    <system-err><![CDATA[Nov 20, 2024 11:55:51 AM org.openqa.selenium.devtools.CdpVersionFinder findNearestMatch
WARNING: Unable to find an exact match for CDP version 131, returning the closest version; found: 129; Please update to a Selenium version that supports CDP version 131
java.lang.NullPointerException: Cannot invoke "pageobjectmodel.DSAlgoStackPom.click_run()" because "this.stakpage_obj" is null
	at testcases.TC003_DataStructureIntroPageValidation.verify_DataStructure_TimeComplexity_pythoncode(TC003_DataStructureIntroPageValidation.java:87)
	at java.base/jdk.internal.reflect.NativeMethodAccessorImpl.invoke0(Native Method)
	at java.base/jdk.internal.reflect.NativeMethodAccessorImpl.invoke(NativeMethodAccessorImpl.java:77)
	at java.base/jdk.internal.reflect.DelegatingMethodAccessorImpl.invoke(DelegatingMethodAccessorImpl.java:43)
	at java.base/java.lang.reflect.Method.invoke(Method.java:568)
	at org.testng.internal.invokers.MethodInvocationHelper.invokeMethod(MethodInvocationHelper.java:141)
	at org.testng.internal.invokers.TestInvoker.invokeMethod(TestInvoker.java:686)
	at org.testng.internal.invokers.TestInvoker.invokeTestMethod(TestInvoker.java:230)
	at org.testng.internal.invokers.MethodRunner.runInSequence(MethodRunner.java:63)
	at org.testng.internal.invokers.TestInvoker$MethodInvocationAgent.invoke(TestInvoker.java:992)
	at org.testng.internal.invokers.TestInvoker.invokeTestMethods(TestInvoker.java:203)
	at org.testng.internal.invokers.TestMethodWorker.invokeTestMethods(TestMethodWorker.java:154)
	at org.testng.internal.invokers.TestMethodWorker.run(TestMethodWorker.java:134)
	at java.base/java.util.concurrent.Executors$RunnableAdapter.call(Executors.java:539)
	at java.base/java.util.concurrent.FutureTask.run(FutureTask.java:264)
	at org.testng.internal.thread.graph.TestNGFutureTask.run(TestNGFutureTask.java:22)
	at java.base/java.util.concurrent.ThreadPoolExecutor.runWorker(ThreadPoolExecutor.java:1136)
	at java.base/java.util.concurrent.ThreadPoolExecutor$Worker.run(ThreadPoolExecutor.java:635)
	at java.base/java.lang.Thread.run(Thread.java:842)
]]></system-err>
  </testcase>
  <testcase name="verify_DataStructure_TimeComplexity_pythoncode[Hello, ](3)" classname="testcases.TC003_DataStructureIntroPageValidation" time="1.827">
    <system-err><![CDATA[java.lang.NullPointerException: Cannot invoke "pageobjectmodel.DSAlgoStackPom.click_run()" because "this.stakpage_obj" is null
	at testcases.TC003_DataStructureIntroPageValidation.verify_DataStructure_TimeComplexity_pythoncode(TC003_DataStructureIntroPageValidation.java:87)
	at java.base/jdk.internal.reflect.NativeMethodAccessorImpl.invoke0(Native Method)
	at java.base/jdk.internal.reflect.NativeMethodAccessorImpl.invoke(NativeMethodAccessorImpl.java:77)
	at java.base/jdk.internal.reflect.DelegatingMethodAccessorImpl.invoke(DelegatingMethodAccessorImpl.java:43)
	at java.base/java.lang.reflect.Method.invoke(Method.java:568)
	at org.testng.internal.invokers.MethodInvocationHelper.invokeMethod(MethodInvocationHelper.java:141)
	at org.testng.internal.invokers.TestInvoker.invokeMethod(TestInvoker.java:686)
	at org.testng.internal.invokers.TestInvoker.invokeTestMethod(TestInvoker.java:230)
	at org.testng.internal.invokers.MethodRunner.runInSequence(MethodRunner.java:63)
	at org.testng.internal.invokers.TestInvoker$MethodInvocationAgent.invoke(TestInvoker.java:992)
	at org.testng.internal.invokers.TestInvoker.invokeTestMethods(TestInvoker.java:203)
	at org.testng.internal.invokers.TestMethodWorker.invokeTestMethods(TestMethodWorker.java:154)
	at org.testng.internal.invokers.TestMethodWorker.run(TestMethodWorker.java:134)
	at java.base/java.util.concurrent.Executors$RunnableAdapter.call(Executors.java:539)
	at java.base/java.util.concurrent.FutureTask.run(FutureTask.java:264)
	at org.testng.internal.thread.graph.TestNGFutureTask.run(TestNGFutureTask.java:22)
	at java.base/java.util.concurrent.ThreadPoolExecutor.runWorker(ThreadPoolExecutor.java:1136)
	at java.base/java.util.concurrent.ThreadPoolExecutor$Worker.run(ThreadPoolExecutor.java:635)
	at java.base/java.lang.Thread.run(Thread.java:842)
]]></system-err>
  </testcase>
  <testcase name="verify_Stack_Getstartedbtn_PageValidation" classname="testcases.TC001_StackPageValidation" time="0.805"/>
  <testcase name="verify_StackOption_Dropdown_PageValidation" classname="testcases.TC001_StackPageValidation" time="0.646"/>
  <testcase name="verify_Stack_Operations_Link" classname="testcases.TC001_StackPageValidation" time="0.273">
    <system-err><![CDATA[Nov 20, 2024 11:55:22 AM org.openqa.selenium.devtools.CdpVersionFinder findNearestMatch
WARNING: Unable to find an exact match for CDP version 131, returning the closest version; found: 129; Please update to a Selenium version that supports CDP version 131
Nov 20, 2024 11:55:23 AM org.openqa.selenium.devtools.CdpVersionFinder findNearestMatch
WARNING: Unable to find an exact match for CDP version 131, returning the closest version; found: 129; Please update to a Selenium version that supports CDP version 131
]]></system-err>
  </testcase>
  <testcase name="verify_Stack_Operations_tryherebtn_Link" classname="testcases.TC001_StackPageValidation" time="3.184">
    <system-out><![CDATA[print('Hello, world!')
Hello, world!
num1 = 1.5
num2 = 6.3
sum = num1 + num2
print('The sum of {0} and {1} is {2}'.format(num1, num2, sum))
The sum of 1.5 and 6.3 is 7.8
Hello

]]></system-out>
    <system-err><![CDATA[Nov 20, 2024 11:55:30 AM org.openqa.selenium.devtools.CdpVersionFinder findNearestMatch
WARNING: Unable to find an exact match for CDP version 131, returning the closest version; found: 129; Please update to a Selenium version that supports CDP version 131
Nov 20, 2024 11:55:35 AM org.openqa.selenium.devtools.CdpVersionFinder findNearestMatch
WARNING: Unable to find an exact match for CDP version 131, returning the closest version; found: 129; Please update to a Selenium version that supports CDP version 131
]]></system-err>
  </testcase>
  <testcase name="verify_Stack_Operations_pythoncode[print(&apos;Hello, world!&apos;), Hello, world!](1)" classname="testcases.TC001_StackPageValidation" time="4.086">
    <system-err><![CDATA[Nov 20, 2024 11:55:45 AM org.openqa.selenium.devtools.CdpVersionFinder findNearestMatch
WARNING: Unable to find an exact match for CDP version 131, returning the closest version; found: 129; Please update to a Selenium version that supports CDP version 131
]]></system-err>
  </testcase>
  <testcase name="verify_Stack_Operations_pythoncode[num1 = 1.5&#10;num2 = 6.3&#10;sum = num1 + num2&#10;print(&apos;The sum of {0} and {1} is {2}&apos;.format(num1, num2, sum)), The sum of 1.5 and 6.3 is 7.8](2)" classname="testcases.TC001_StackPageValidation" time="0.72">
    <system-err><![CDATA[Nov 20, 2024 11:55:55 AM org.openqa.selenium.devtools.CdpVersionFinder findNearestMatch
WARNING: Unable to find an exact match for CDP version 131, returning the closest version; found: 129; Please update to a Selenium version that supports CDP version 131
]]></system-err>
  </testcase>
  <testcase name="verify_Stack_Operations_pythoncode[Hello, ](3)" classname="testcases.TC001_StackPageValidation" time="1.571">
    <system-err><![CDATA[Nov 20, 2024 11:56:01 AM org.openqa.selenium.devtools.CdpVersionFinder findNearestMatch
WARNING: Unable to find an exact match for CDP version 131, returning the closest version; found: 129; Please update to a Selenium version that supports CDP version 131
org.openqa.selenium.UnhandledAlertException: unexpected alert open: {Alert text : NameError: name 'Hello' is not defined on line 1}
  (Session info: chrome=131.0.6778.70): NameError: name 'Hello' is not defined on line 1
Build info: version: '4.25.0', revision: '8a8aea2337'
System info: os.name: 'Windows 11', os.arch: 'amd64', os.version: '10.0', java.version: '17.0.12'
Driver info: org.openqa.selenium.chrome.ChromeDriver
Command: [db0f58ff6320664cf4859d442d2033f2, findElement {value=//button[text()='Run'], using=xpath}]
Capabilities {acceptInsecureCerts: false, browserName: chrome, browserVersion: 131.0.6778.70, chrome: {chromedriverVersion: 131.0.6778.85 (3d81e41b6f3a..., userDataDir: C:\Users\pavit\AppData\Loca...}, fedcm:accounts: true, goog:chromeOptions: {debuggerAddress: localhost:55950}, networkConnectionEnabled: false, pageLoadStrategy: normal, platformName: windows, proxy: Proxy(), se:cdp: ws://localhost:55950/devtoo..., se:cdpVersion: 131.0.6778.70, setWindowRect: true, strictFileInteractability: false, timeouts: {implicit: 0, pageLoad: 300000, script: 30000}, unhandledPromptBehavior: dismiss and notify, webauthn:extension:credBlob: true, webauthn:extension:largeBlob: true, webauthn:extension:minPinLength: true, webauthn:extension:prf: true, webauthn:virtualAuthenticators: true}
Session ID: db0f58ff6320664cf4859d442d2033f2
	at org.openqa.selenium.remote.codec.w3c.W3CHttpResponseCodec.decode(W3CHttpResponseCodec.java:136)
	at org.openqa.selenium.remote.codec.w3c.W3CHttpResponseCodec.decode(W3CHttpResponseCodec.java:50)
	at org.openqa.selenium.remote.HttpCommandExecutor.execute(HttpCommandExecutor.java:190)
	at org.openqa.selenium.remote.service.DriverCommandExecutor.invokeExecute(DriverCommandExecutor.java:216)
	at org.openqa.selenium.remote.service.DriverCommandExecutor.execute(DriverCommandExecutor.java:174)
	at org.openqa.selenium.remote.RemoteWebDriver.execute(RemoteWebDriver.java:545)
	at org.openqa.selenium.remote.ElementLocation$ElementFinder$2.findElement(ElementLocation.java:165)
	at org.openqa.selenium.remote.ElementLocation.findElement(ElementLocation.java:59)
	at org.openqa.selenium.remote.RemoteWebDriver.findElement(RemoteWebDriver.java:368)
	at org.openqa.selenium.remote.RemoteWebDriver.findElement(RemoteWebDriver.java:362)
	at org.openqa.selenium.support.pagefactory.DefaultElementLocator.findElement(DefaultElementLocator.java:68)
	at org.openqa.selenium.support.pagefactory.internal.LocatingElementHandler.invoke(LocatingElementHandler.java:38)
	at jdk.proxy2/jdk.proxy2.$Proxy30.getText(Unknown Source)
	at pageobjectmodel.DSAlgoStackPom.click_run(DSAlgoStackPom.java:76)
	at testcases.TC001_StackPageValidation.verify_Stack_Operations_pythoncode(TC001_StackPageValidation.java:117)
	at java.base/jdk.internal.reflect.NativeMethodAccessorImpl.invoke0(Native Method)
	at java.base/jdk.internal.reflect.NativeMethodAccessorImpl.invoke(NativeMethodAccessorImpl.java:77)
	at java.base/jdk.internal.reflect.DelegatingMethodAccessorImpl.invoke(DelegatingMethodAccessorImpl.java:43)
	at java.base/java.lang.reflect.Method.invoke(Method.java:568)
	at org.testng.internal.invokers.MethodInvocationHelper.invokeMethod(MethodInvocationHelper.java:141)
	at org.testng.internal.invokers.TestInvoker.invokeMethod(TestInvoker.java:686)
	at org.testng.internal.invokers.TestInvoker.invokeTestMethod(TestInvoker.java:230)
	at org.testng.internal.invokers.MethodRunner.runInSequence(MethodRunner.java:63)
	at org.testng.internal.invokers.TestInvoker$MethodInvocationAgent.invoke(TestInvoker.java:992)
	at org.testng.internal.invokers.TestInvoker.invokeTestMethods(TestInvoker.java:203)
	at org.testng.internal.invokers.TestMethodWorker.invokeTestMethods(TestMethodWorker.java:154)
	at org.testng.internal.invokers.TestMethodWorker.run(TestMethodWorker.java:134)
	at java.base/java.util.concurrent.Executors$RunnableAdapter.call(Executors.java:539)
	at java.base/java.util.concurrent.FutureTask.run(FutureTask.java:264)
	at org.testng.internal.thread.graph.TestNGFutureTask.run(TestNGFutureTask.java:22)
	at java.base/java.util.concurrent.ThreadPoolExecutor.runWorker(ThreadPoolExecutor.java:1136)
	at java.base/java.util.concurrent.ThreadPoolExecutor$Worker.run(ThreadPoolExecutor.java:635)
	at java.base/java.lang.Thread.run(Thread.java:842)
]]></system-err>
  </testcase>
  <testcase name="verify_Stack_Implementation_Link" classname="testcases.TC001_StackPageValidation" time="0.654">
    <system-err><![CDATA[Nov 20, 2024 11:56:07 AM org.openqa.selenium.devtools.CdpVersionFinder findNearestMatch
WARNING: Unable to find an exact match for CDP version 131, returning the closest version; found: 129; Please update to a Selenium version that supports CDP version 131
]]></system-err>
  </testcase>
  <testcase name="verify_Stack_Implementation_tryherebtn_Link" classname="testcases.TC001_StackPageValidation" time="1.368">
    <system-err><![CDATA[Nov 20, 2024 11:56:12 AM org.openqa.selenium.devtools.CdpVersionFinder findNearestMatch
WARNING: Unable to find an exact match for CDP version 131, returning the closest version; found: 129; Please update to a Selenium version that supports CDP version 131
]]></system-err>
  </testcase>
  <testcase name="verify_Stack_Implementation_pythoncode[print(&apos;Hello, world!&apos;), Hello, world!](1)" classname="testcases.TC001_StackPageValidation" time="2.237">
    <system-out><![CDATA[print('Hello, world!')
Hello, world!
num1 = 1.5
num2 = 6.3
sum = num1 + num2
print('The sum of {0} and {1} is {2}'.format(num1, num2, sum))
The sum of 1.5 and 6.3 is 7.8
Hello

]]></system-out>
    <system-err><![CDATA[Nov 20, 2024 11:56:18 AM org.openqa.selenium.devtools.CdpVersionFinder findNearestMatch
WARNING: Unable to find an exact match for CDP version 131, returning the closest version; found: 129; Please update to a Selenium version that supports CDP version 131
]]></system-err>
  </testcase>
  <testcase name="verify_Stack_Implementation_pythoncode[num1 = 1.5&#10;num2 = 6.3&#10;sum = num1 + num2&#10;print(&apos;The sum of {0} and {1} is {2}&apos;.format(num1, num2, sum)), The sum of 1.5 and 6.3 is 7.8](2)" classname="testcases.TC001_StackPageValidation" time="4.018">
    <system-err><![CDATA[Nov 20, 2024 11:56:25 AM org.openqa.selenium.devtools.CdpVersionFinder findNearestMatch
WARNING: Unable to find an exact match for CDP version 131, returning the closest version; found: 129; Please update to a Selenium version that supports CDP version 131
]]></system-err>
  </testcase>
  <testcase name="verify_Stack_Implementation_pythoncode[Hello, ](3)" classname="testcases.TC001_StackPageValidation" time="1.525">
    <system-err><![CDATA[Nov 20, 2024 11:56:33 AM org.openqa.selenium.devtools.CdpVersionFinder findNearestMatch
WARNING: Unable to find an exact match for CDP version 131, returning the closest version; found: 129; Please update to a Selenium version that supports CDP version 131
org.openqa.selenium.UnhandledAlertException: unexpected alert open: {Alert text : NameError: name 'Hello' is not defined on line 1}
  (Session info: chrome=131.0.6778.70): NameError: name 'Hello' is not defined on line 1
Build info: version: '4.25.0', revision: '8a8aea2337'
System info: os.name: 'Windows 11', os.arch: 'amd64', os.version: '10.0', java.version: '17.0.12'
Driver info: org.openqa.selenium.chrome.ChromeDriver
Command: [2123c3acbe8c0ec21f8ec687240a8823, findElement {value=//button[text()='Run'], using=xpath}]
Capabilities {acceptInsecureCerts: false, browserName: chrome, browserVersion: 131.0.6778.70, chrome: {chromedriverVersion: 131.0.6778.85 (3d81e41b6f3a..., userDataDir: C:\Users\pavit\AppData\Loca...}, fedcm:accounts: true, goog:chromeOptions: {debuggerAddress: localhost:56108}, networkConnectionEnabled: false, pageLoadStrategy: normal, platformName: windows, proxy: Proxy(), se:cdp: ws://localhost:56108/devtoo..., se:cdpVersion: 131.0.6778.70, setWindowRect: true, strictFileInteractability: false, timeouts: {implicit: 0, pageLoad: 300000, script: 30000}, unhandledPromptBehavior: dismiss and notify, webauthn:extension:credBlob: true, webauthn:extension:largeBlob: true, webauthn:extension:minPinLength: true, webauthn:extension:prf: true, webauthn:virtualAuthenticators: true}
Session ID: 2123c3acbe8c0ec21f8ec687240a8823
	at org.openqa.selenium.remote.codec.w3c.W3CHttpResponseCodec.decode(W3CHttpResponseCodec.java:136)
	at org.openqa.selenium.remote.codec.w3c.W3CHttpResponseCodec.decode(W3CHttpResponseCodec.java:50)
	at org.openqa.selenium.remote.HttpCommandExecutor.execute(HttpCommandExecutor.java:190)
	at org.openqa.selenium.remote.service.DriverCommandExecutor.invokeExecute(DriverCommandExecutor.java:216)
	at org.openqa.selenium.remote.service.DriverCommandExecutor.execute(DriverCommandExecutor.java:174)
	at org.openqa.selenium.remote.RemoteWebDriver.execute(RemoteWebDriver.java:545)
	at org.openqa.selenium.remote.ElementLocation$ElementFinder$2.findElement(ElementLocation.java:165)
	at org.openqa.selenium.remote.ElementLocation.findElement(ElementLocation.java:59)
	at org.openqa.selenium.remote.RemoteWebDriver.findElement(RemoteWebDriver.java:368)
	at org.openqa.selenium.remote.RemoteWebDriver.findElement(RemoteWebDriver.java:362)
	at org.openqa.selenium.support.pagefactory.DefaultElementLocator.findElement(DefaultElementLocator.java:68)
	at org.openqa.selenium.support.pagefactory.internal.LocatingElementHandler.invoke(LocatingElementHandler.java:38)
	at jdk.proxy2/jdk.proxy2.$Proxy30.getText(Unknown Source)
	at pageobjectmodel.DSAlgoStackPom.click_run(DSAlgoStackPom.java:76)
	at testcases.TC001_StackPageValidation.verify_Stack_Implementation_pythoncode(TC001_StackPageValidation.java:165)
	at java.base/jdk.internal.reflect.NativeMethodAccessorImpl.invoke0(Native Method)
	at java.base/jdk.internal.reflect.NativeMethodAccessorImpl.invoke(NativeMethodAccessorImpl.java:77)
	at java.base/jdk.internal.reflect.DelegatingMethodAccessorImpl.invoke(DelegatingMethodAccessorImpl.java:43)
	at java.base/java.lang.reflect.Method.invoke(Method.java:568)
	at org.testng.internal.invokers.MethodInvocationHelper.invokeMethod(MethodInvocationHelper.java:141)
	at org.testng.internal.invokers.TestInvoker.invokeMethod(TestInvoker.java:686)
	at org.testng.internal.invokers.TestInvoker.invokeTestMethod(TestInvoker.java:230)
	at org.testng.internal.invokers.MethodRunner.runInSequence(MethodRunner.java:63)
	at org.testng.internal.invokers.TestInvoker$MethodInvocationAgent.invoke(TestInvoker.java:992)
	at org.testng.internal.invokers.TestInvoker.invokeTestMethods(TestInvoker.java:203)
	at org.testng.internal.invokers.TestMethodWorker.invokeTestMethods(TestMethodWorker.java:154)
	at org.testng.internal.invokers.TestMethodWorker.run(TestMethodWorker.java:134)
	at java.base/java.util.concurrent.Executors$RunnableAdapter.call(Executors.java:539)
	at java.base/java.util.concurrent.FutureTask.run(FutureTask.java:264)
	at org.testng.internal.thread.graph.TestNGFutureTask.run(TestNGFutureTask.java:22)
	at java.base/java.util.concurrent.ThreadPoolExecutor.runWorker(ThreadPoolExecutor.java:1136)
	at java.base/java.util.concurrent.ThreadPoolExecutor$Worker.run(ThreadPoolExecutor.java:635)
	at java.base/java.lang.Thread.run(Thread.java:842)
]]></system-err>
  </testcase>
  <testcase name="verify_Stack_Applications_Link" classname="testcases.TC001_StackPageValidation" time="0.717">
    <system-err><![CDATA[Nov 20, 2024 11:56:39 AM org.openqa.selenium.devtools.CdpVersionFinder findNearestMatch
WARNING: Unable to find an exact match for CDP version 131, returning the closest version; found: 129; Please update to a Selenium version that supports CDP version 131
]]></system-err>
  </testcase>
  <testcase name="verify_Stack_Applications_tryherebtn_Link" classname="testcases.TC001_StackPageValidation" time="1.486">
    <system-err><![CDATA[Nov 20, 2024 11:56:44 AM org.openqa.selenium.devtools.CdpVersionFinder findNearestMatch
WARNING: Unable to find an exact match for CDP version 131, returning the closest version; found: 129; Please update to a Selenium version that supports CDP version 131
]]></system-err>
  </testcase>
  <testcase name="verify_Stack_Applications_pythoncode[print(&apos;Hello, world!&apos;), Hello, world!](1)" classname="testcases.TC001_StackPageValidation" time="1.915">
    <system-out><![CDATA[print('Hello, world!')
Hello, world!
num1 = 1.5
num2 = 6.3
sum = num1 + num2
print('The sum of {0} and {1} is {2}'.format(num1, num2, sum))
The sum of 1.5 and 6.3 is 7.8
Hello

]]></system-out>
    <system-err><![CDATA[Nov 20, 2024 11:56:50 AM org.openqa.selenium.devtools.CdpVersionFinder findNearestMatch
WARNING: Unable to find an exact match for CDP version 131, returning the closest version; found: 129; Please update to a Selenium version that supports CDP version 131
]]></system-err>
  </testcase>
  <testcase name="verify_Stack_Applications_pythoncode[num1 = 1.5&#10;num2 = 6.3&#10;sum = num1 + num2&#10;print(&apos;The sum of {0} and {1} is {2}&apos;.format(num1, num2, sum)), The sum of 1.5 and 6.3 is 7.8](2)" classname="testcases.TC001_StackPageValidation" time="3.764">
    <system-err><![CDATA[Nov 20, 2024 11:56:57 AM org.openqa.selenium.devtools.CdpVersionFinder findNearestMatch
WARNING: Unable to find an exact match for CDP version 131, returning the closest version; found: 129; Please update to a Selenium version that supports CDP version 131
]]></system-err>
  </testcase>
  <testcase name="verify_Stack_Applications_pythoncode[Hello, ](3)" classname="testcases.TC001_StackPageValidation" time="1.506">
    <system-err><![CDATA[Nov 20, 2024 11:57:05 AM org.openqa.selenium.devtools.CdpVersionFinder findNearestMatch
WARNING: Unable to find an exact match for CDP version 131, returning the closest version; found: 129; Please update to a Selenium version that supports CDP version 131
org.openqa.selenium.UnhandledAlertException: unexpected alert open: {Alert text : NameError: name 'Hello' is not defined on line 1}
  (Session info: chrome=131.0.6778.70): NameError: name 'Hello' is not defined on line 1
Build info: version: '4.25.0', revision: '8a8aea2337'
System info: os.name: 'Windows 11', os.arch: 'amd64', os.version: '10.0', java.version: '17.0.12'
Driver info: org.openqa.selenium.chrome.ChromeDriver
Command: [f281060efee90580dd2747188887290e, findElement {value=//button[text()='Run'], using=xpath}]
Capabilities {acceptInsecureCerts: false, browserName: chrome, browserVersion: 131.0.6778.70, chrome: {chromedriverVersion: 131.0.6778.85 (3d81e41b6f3a..., userDataDir: C:\Users\pavit\AppData\Loca...}, fedcm:accounts: true, goog:chromeOptions: {debuggerAddress: localhost:56265}, networkConnectionEnabled: false, pageLoadStrategy: normal, platformName: windows, proxy: Proxy(), se:cdp: ws://localhost:56265/devtoo..., se:cdpVersion: 131.0.6778.70, setWindowRect: true, strictFileInteractability: false, timeouts: {implicit: 0, pageLoad: 300000, script: 30000}, unhandledPromptBehavior: dismiss and notify, webauthn:extension:credBlob: true, webauthn:extension:largeBlob: true, webauthn:extension:minPinLength: true, webauthn:extension:prf: true, webauthn:virtualAuthenticators: true}
Session ID: f281060efee90580dd2747188887290e
	at org.openqa.selenium.remote.codec.w3c.W3CHttpResponseCodec.decode(W3CHttpResponseCodec.java:136)
	at org.openqa.selenium.remote.codec.w3c.W3CHttpResponseCodec.decode(W3CHttpResponseCodec.java:50)
	at org.openqa.selenium.remote.HttpCommandExecutor.execute(HttpCommandExecutor.java:190)
	at org.openqa.selenium.remote.service.DriverCommandExecutor.invokeExecute(DriverCommandExecutor.java:216)
	at org.openqa.selenium.remote.service.DriverCommandExecutor.execute(DriverCommandExecutor.java:174)
	at org.openqa.selenium.remote.RemoteWebDriver.execute(RemoteWebDriver.java:545)
	at org.openqa.selenium.remote.ElementLocation$ElementFinder$2.findElement(ElementLocation.java:165)
	at org.openqa.selenium.remote.ElementLocation.findElement(ElementLocation.java:59)
	at org.openqa.selenium.remote.RemoteWebDriver.findElement(RemoteWebDriver.java:368)
	at org.openqa.selenium.remote.RemoteWebDriver.findElement(RemoteWebDriver.java:362)
	at org.openqa.selenium.support.pagefactory.DefaultElementLocator.findElement(DefaultElementLocator.java:68)
	at org.openqa.selenium.support.pagefactory.internal.LocatingElementHandler.invoke(LocatingElementHandler.java:38)
	at jdk.proxy2/jdk.proxy2.$Proxy30.getText(Unknown Source)
	at pageobjectmodel.DSAlgoStackPom.click_run(DSAlgoStackPom.java:76)
	at testcases.TC001_StackPageValidation.verify_Stack_Applications_pythoncode(TC001_StackPageValidation.java:213)
	at java.base/jdk.internal.reflect.NativeMethodAccessorImpl.invoke0(Native Method)
	at java.base/jdk.internal.reflect.NativeMethodAccessorImpl.invoke(NativeMethodAccessorImpl.java:77)
	at java.base/jdk.internal.reflect.DelegatingMethodAccessorImpl.invoke(DelegatingMethodAccessorImpl.java:43)
	at java.base/java.lang.reflect.Method.invoke(Method.java:568)
	at org.testng.internal.invokers.MethodInvocationHelper.invokeMethod(MethodInvocationHelper.java:141)
	at org.testng.internal.invokers.TestInvoker.invokeMethod(TestInvoker.java:686)
	at org.testng.internal.invokers.TestInvoker.invokeTestMethod(TestInvoker.java:230)
	at org.testng.internal.invokers.MethodRunner.runInSequence(MethodRunner.java:63)
	at org.testng.internal.invokers.TestInvoker$MethodInvocationAgent.invoke(TestInvoker.java:992)
	at org.testng.internal.invokers.TestInvoker.invokeTestMethods(TestInvoker.java:203)
	at org.testng.internal.invokers.TestMethodWorker.invokeTestMethods(TestMethodWorker.java:154)
	at org.testng.internal.invokers.TestMethodWorker.run(TestMethodWorker.java:134)
	at java.base/java.util.concurrent.Executors$RunnableAdapter.call(Executors.java:539)
	at java.base/java.util.concurrent.FutureTask.run(FutureTask.java:264)
	at org.testng.internal.thread.graph.TestNGFutureTask.run(TestNGFutureTask.java:22)
	at java.base/java.util.concurrent.ThreadPoolExecutor.runWorker(ThreadPoolExecutor.java:1136)
	at java.base/java.util.concurrent.ThreadPoolExecutor$Worker.run(ThreadPoolExecutor.java:635)
	at java.base/java.lang.Thread.run(Thread.java:842)
]]></system-err>
  </testcase>
  <testcase name="verify_practiceQuestions_Link" classname="testcases.TC001_StackPageValidation" time="0.0">
    <skipped message="null"/>
    <system-err><![CDATA[Nov 20, 2024 11:57:11 AM org.openqa.selenium.devtools.CdpVersionFinder findNearestMatch
WARNING: Unable to find an exact match for CDP version 131, returning the closest version; found: 129; Please update to a Selenium version that supports CDP version 131
]]></system-err>
  </testcase>
  <testcase name="verify_practiceQuestions_Link" classname="testcases.TC001_StackPageValidation" time="0.0">
    <skipped message="null"/>
    <system-err><![CDATA[Nov 20, 2024 11:57:16 AM org.openqa.selenium.devtools.CdpVersionFinder findNearestMatch
WARNING: Unable to find an exact match for CDP version 131, returning the closest version; found: 129; Please update to a Selenium version that supports CDP version 131
]]></system-err>
  </testcase>
  <testcase name="verify_practiceQuestions_Link" classname="testcases.TC001_StackPageValidation" time="0.0">
    <skipped message="null"/>
    <system-err><![CDATA[Nov 20, 2024 11:57:22 AM org.openqa.selenium.devtools.CdpVersionFinder findNearestMatch
WARNING: Unable to find an exact match for CDP version 131, returning the closest version; found: 129; Please update to a Selenium version that supports CDP version 131
]]></system-err>
  </testcase>
  <testcase name="verify_practiceQuestions_Link" classname="testcases.TC001_StackPageValidation" time="1.083">
    <failure message="null" type="java.lang.AssertionError"><![CDATA[java.lang.AssertionError: null
	at org.testng.Assert.fail(Assert.java:111)
	at org.testng.Assert.fail(Assert.java:116)
	at testcases.TC001_StackPageValidation.verify_practiceQuestions_Link(TC001_StackPageValidation.java:240)
	at java.base/jdk.internal.reflect.NativeMethodAccessorImpl.invoke0(Native Method)
	at java.base/jdk.internal.reflect.NativeMethodAccessorImpl.invoke(NativeMethodAccessorImpl.java:77)
	at java.base/jdk.internal.reflect.DelegatingMethodAccessorImpl.invoke(DelegatingMethodAccessorImpl.java:43)
	at java.base/java.lang.reflect.Method.invoke(Method.java:568)
	at org.testng.internal.invokers.MethodInvocationHelper.invokeMethod(MethodInvocationHelper.java:141)
	at org.testng.internal.invokers.TestInvoker.invokeMethod(TestInvoker.java:686)
	at org.testng.internal.invokers.TestInvoker.retryFailed(TestInvoker.java:269)
	at org.testng.internal.invokers.MethodRunner.runInSequence(MethodRunner.java:76)
	at org.testng.internal.invokers.TestInvoker$MethodInvocationAgent.invoke(TestInvoker.java:992)
	at org.testng.internal.invokers.TestInvoker.invokeTestMethods(TestInvoker.java:203)
	at org.testng.internal.invokers.TestMethodWorker.invokeTestMethods(TestMethodWorker.java:154)
	at org.testng.internal.invokers.TestMethodWorker.run(TestMethodWorker.java:134)
	at java.base/java.util.concurrent.Executors$RunnableAdapter.call(Executors.java:539)
	at java.base/java.util.concurrent.FutureTask.run(FutureTask.java:264)
	at org.testng.internal.thread.graph.TestNGFutureTask.run(TestNGFutureTask.java:22)
	at java.base/java.util.concurrent.ThreadPoolExecutor.runWorker(ThreadPoolExecutor.java:1136)
	at java.base/java.util.concurrent.ThreadPoolExecutor$Worker.run(ThreadPoolExecutor.java:635)
	at java.base/java.lang.Thread.run(Thread.java:842)
]]></failure>
    <system-err><![CDATA[Nov 20, 2024 11:57:27 AM org.openqa.selenium.devtools.CdpVersionFinder findNearestMatch
WARNING: Unable to find an exact match for CDP version 131, returning the closest version; found: 129; Please update to a Selenium version that supports CDP version 131
]]></system-err>
  </testcase>
</testsuite>