<?xml version="1.0" encoding="UTF-8"?>
<!-- Generated by org.testng.reporters.JUnitXMLReporter -->
<testsuite ignored="29" hostname="PavithraSubburaj" failures="0" tests="1" name="DSAlgo Testing(failed)(failed)" time="3.988" errors="0" timestamp="2024-11-20T14:26:27 CST">
  <testcase classname="testcases.TC004_HomePageValidation" name="verify_LoginPage" time="0.262"/>
  <testcase classname="testcases.TC004_HomePageValidation" name="verify_TreeOption" time="0.0">
    <ignored/>
  </testcase> <!-- verify_TreeOption -->
  <testcase classname="testcases.TC004_HomePageValidation" name="verify_Queue_dropdown_Unsuccessful_login" time="0.0">
    <ignored/>
  </testcase> <!-- verify_Queue_dropdown_Unsuccessful_login -->
  <testcase classname="testcases.TC004_HomePageValidation" name="verify_Graph_dropdown_Unsuccessful_login" time="0.0">
    <ignored/>
  </testcase> <!-- verify_Graph_dropdown_Unsuccessful_login -->
  <testcase classname="testcases.TC004_HomePageValidation" name="verify_stack_dropdown_Unsuccessful_login" time="0.0">
    <ignored/>
  </testcase> <!-- verify_stack_dropdown_Unsuccessful_login -->
  <testcase classname="testcases.TC004_HomePageValidation" name="verify_Array_dropdown_Unsuccessful_login" time="0.0">
    <ignored/>
  </testcase> <!-- verify_Array_dropdown_Unsuccessful_login -->
  <testcase classname="testcases.TC004_HomePageValidation" name="verify_registerPage" time="0.0">
    <ignored/>
  </testcase> <!-- verify_registerPage -->
  <testcase classname="testcases.TC004_HomePageValidation" name="verify_TreeOption_Unsuccessful_login" time="0.0">
    <ignored/>
  </testcase> <!-- verify_TreeOption_Unsuccessful_login -->
  <testcase classname="testcases.TC004_HomePageValidation" name="verify_Tree_dropdown" time="0.0">
    <ignored/>
  </testcase> <!-- verify_Tree_dropdown -->
  <testcase classname="testcases.TC004_HomePageValidation" name="verify_LinkedList_dropdown" time="0.0">
    <ignored/>
  </testcase> <!-- verify_LinkedList_dropdown -->
  <testcase classname="testcases.TC004_HomePageValidation" name="verify_LinkedListOption_Unsuccessful_login" time="0.0">
    <ignored/>
  </testcase> <!-- verify_LinkedListOption_Unsuccessful_login -->
  <testcase classname="testcases.TC004_HomePageValidation" name="verify_stack_dropdown" time="0.0">
    <ignored/>
  </testcase> <!-- verify_stack_dropdown -->
  <testcase classname="testcases.TC004_HomePageValidation" name="verify_GraphOption_Unsuccessful_login" time="0.0">
    <ignored/>
  </testcase> <!-- verify_GraphOption_Unsuccessful_login -->
  <testcase classname="testcases.TC004_HomePageValidation" name="verify_stackOption" time="0.0">
    <ignored/>
  </testcase> <!-- verify_stackOption -->
  <testcase classname="testcases.TC004_HomePageValidation" name="verify_datastructureOption_Unsuccessful_login" time="0.0">
    <ignored/>
  </testcase> <!-- verify_datastructureOption_Unsuccessful_login -->
  <testcase classname="testcases.TC004_HomePageValidation" name="verify_dropdown_button" time="0.0">
    <ignored/>
  </testcase> <!-- verify_dropdown_button -->
  <testcase classname="testcases.TC004_HomePageValidation" name="verify_stackOption_Unsuccessful_login" time="0.0">
    <ignored/>
  </testcase> <!-- verify_stackOption_Unsuccessful_login -->
  <testcase classname="testcases.TC004_HomePageValidation" name="verify_Graph_dropdown" time="0.0">
    <ignored/>
  </testcase> <!-- verify_Graph_dropdown -->
  <testcase classname="testcases.TC004_HomePageValidation" name="verify_dropdown_button_successfullLogin" time="0.0">
    <ignored/>
  </testcase> <!-- verify_dropdown_button_successfullLogin -->
  <testcase classname="testcases.TC004_HomePageValidation" name="verify_LinkedListOption" time="0.0">
    <ignored/>
  </testcase> <!-- verify_LinkedListOption -->
  <testcase classname="testcases.TC004_HomePageValidation" name="verify_Tree_dropdown_Unsuccessful_login" time="0.0">
    <ignored/>
  </testcase> <!-- verify_Tree_dropdown_Unsuccessful_login -->
  <testcase classname="testcases.TC004_HomePageValidation" name="verify_datastructureOption" time="0.0">
    <ignored/>
  </testcase> <!-- verify_datastructureOption -->
  <testcase classname="testcases.TC004_HomePageValidation" name="verify_QueueOption_Unsuccessful_login" time="0.0">
    <ignored/>
  </testcase> <!-- verify_QueueOption_Unsuccessful_login -->
  <testcase classname="testcases.TC004_HomePageValidation" name="verify_Array_dropdown" time="0.0">
    <ignored/>
  </testcase> <!-- verify_Array_dropdown -->
  <testcase classname="testcases.TC004_HomePageValidation" name="verify_GraphOption" time="0.0">
    <ignored/>
  </testcase> <!-- verify_GraphOption -->
  <testcase classname="testcases.TC004_HomePageValidation" name="verify_Queue_dropdown" time="0.0">
    <ignored/>
  </testcase> <!-- verify_Queue_dropdown -->
  <testcase classname="testcases.TC004_HomePageValidation" name="verify_ArrayOption_Unsuccessful_login" time="0.0">
    <ignored/>
  </testcase> <!-- verify_ArrayOption_Unsuccessful_login -->
  <testcase classname="testcases.TC004_HomePageValidation" name="verify_ArrayOption" time="0.0">
    <ignored/>
  </testcase> <!-- verify_ArrayOption -->
  <testcase classname="testcases.TC004_HomePageValidation" name="verify_QueueOption" time="0.0">
    <ignored/>
  </testcase> <!-- verify_QueueOption -->
  <testcase classname="testcases.TC004_HomePageValidation" name="verify_LinkedList_dropdown_Unsuccessful_login" time="0.0">
    <ignored/>
  </testcase> <!-- verify_LinkedList_dropdown_Unsuccessful_login -->
</testsuite> <!-- DSAlgo Testing(failed)(failed) -->
